<?xml version="1.0" encoding="UTF-8" ?>
<testsuite tests="4" failures="0" name="com.sg.vendingmachine.service.ClassVendingMachineServiceImplTest" time="0.065" errors="0" skipped="0">
  <properties>
[...]
</properties>
  <testcase classname="com.sg.vendingmachine.service.ClassVendingMachineServiceImplTest" name="com.sg.vendingmachine.service.ClassVendingMachineServiceImplTest.testAddSellProducts" time="0.065"/>
  <testcase classname="com.sg.vendingmachine.service.ClassVendingMachineServiceImplTest" name="com.sg.vendingmachine.service.ClassVendingMachineServiceImplTest.testSellInvalidIdProducts" time="0"/>
  <testcase classname="com.sg.vendingmachine.service.ClassVendingMachineServiceImplTest" name="com.sg.vendingmachine.service.ClassVendingMachineServiceImplTest.testGetAllProducts" time="0"/>
  <testcase classname="com.sg.vendingmachine.service.ClassVendingMachineServiceImplTest" name="com.sg.vendingmachine.service.ClassVendingMachineServiceImplTest.testAddProduct" time="0"/>
</testsuite>